[6:52:57 PM] › [CLI] …  awaiting  Starting Prism…
(node:92573) [DEP0040] DeprecationWarning: The `punycode` module is deprecated. Please use a userland alternative instead.
(Use `node --trace-deprecation ...` to show where the warning was created)
[6:52:57 PM] › [CLI] ✖  fatal     
prism mock <document>

Start a mock server with the given document file

Positionals:
  document  Path to a document file. Can be both a file or a fetchable resource on the web.  [string] [required]

Options:
      --version                           Show version number  [boolean]
      --help                              Show help  [boolean]
  -p, --port                              Port that Prism will run on.  [number] [required] [default: 4010]
  -h, --host                              Host that Prism will listen to.  [string] [required] [default: "127.0.0.1"]
      --cors                              Enables CORS headers.  [boolean] [default: true]
  -m, --multiprocess                      Forks the http server from the CLI for faster log processing.  [boolean] [default: false]
      --errors                            Specifies whether request/response violations marked as errors will produce an error response  [boolean] [required] [default: false]
  -v, --verboseLevel                      Turns on verbose logging.  [required] [choices: "trace", "debug", "info", "warn", "error", "fatal", "silent"] [default: "info"]
  -d, --dynamic                           Dynamically generate examples.  [boolean] [default: false]
      --json-schema-faker-fillProperties  Generate additional properties when using dynamic generation.  [boolean]
      --ignoreExamples                    Tell Prism to treat the spec as though it has no examples. When in static mode,
                                                                  returns an example that has not been generated using json-schema-faker, but was
                                                                  created by Prism. When in dynamic mode, this flag is ignored, since in dynamic mode,
                                                                  examples are not consulted and json-schema-faker is used to generate a response based
                                                                  on the schema defined in the spec  [boolean] [default: false]
      --seed                              Provide a seed so that Prism generates dynamic examples deterministically  [string] [required] [default: null]

listen EADDRINUSE: address already in use 127.0.0.1:4010
